# JRE version: Java(TM) SE Runtime Environment (8.0_144-b01) (build 1.8.0_144-b01)
# Java VM: Java HotSpot(TM) 64-Bit Server VM (25.144-b01 mixed mode windows-amd64 compressed oops)
Heap:
 PSYoungGen      total 166400K, used 154701K [0x00000007b4000000, 0x00000007c0000000, 0x00000007c0000000)
  eden space 139264K, 97% used [0x00000007b4000000,0x00000007bc4c4c78,0x00000007bc800000)
  from space 27136K, 69% used [0x00000007be580000,0x00000007bf7ce848,0x00000007c0000000)
  to   space 28672K, 0% used [0x00000007bc800000,0x00000007bc800000,0x00000007be400000)
 ParOldGen       total 224768K, used 157010K [0x0000000790000000, 0x000000079db80000, 0x00000007b4000000)
  object space 224768K, 69% used [0x0000000790000000,0x0000000799954b48,0x000000079db80000)
 Metaspace       used 94174K, capacity 94870K, committed 95384K, reserved 1130496K
  class space    used 13691K, capacity 13896K, committed 14000K, reserved 1048576K
GC Heap History (10 events):
Event: 498215.185 GC heap before
{Heap before GC invocations=635 (full 7):
 PSYoungGen      total 180224K, used 174165K [0x00000007b4000000, 0x00000007c0000000, 0x00000007c0000000)
  eden space 163840K, 100% used [0x00000007b4000000,0x00000007be000000,0x00000007be000000)
  from space 16384K, 63% used [0x00000007be000000,0x00000007bea15618,0x00000007bf000000)
  to   space 16384K, 0% used [0x00000007bf000000,0x00000007bf000000,0x00000007c0000000)
 ParOldGen       total 224768K, used 155765K [0x0000000790000000, 0x000000079db80000, 0x00000007b4000000)
  object space 224768K, 69% used [0x0000000790000000,0x000000079981d4f8,0x000000079db80000)
 Metaspace       used 90251K, capacity 90918K, committed 91544K, reserved 1128448K
  class space    used 13174K, capacity 13376K, committed 13488K, reserved 1048576K
Event: 498215.191 GC heap after
Heap after GC invocations=635 (full 7):
 PSYoungGen      total 174080K, used 16360K [0x00000007b4000000, 0x00000007c0000000, 0x00000007c0000000)
  eden space 157696K, 0% used [0x00000007b4000000,0x00000007b4000000,0x00000007bda00000)
  from space 16384K, 99% used [0x00000007bf000000,0x00000007bfffa180,0x00000007c0000000)
  to   space 19456K, 0% used [0x00000007bda00000,0x00000007bda00000,0x00000007bed00000)
 ParOldGen       total 224768K, used 155947K [0x0000000790000000, 0x000000079db80000, 0x00000007b4000000)
  object space 224768K, 69% used [0x0000000790000000,0x000000079984ac20,0x000000079db80000)
 Metaspace       used 90251K, capacity 90918K, committed 91544K, reserved 1128448K
  class space    used 13174K, capacity 13376K, committed 13488K, reserved 1048576K
}
Event: 498319.317 GC heap before
{Heap before GC invocations=636 (full 7):
 PSYoungGen      total 174080K, used 174056K [0x00000007b4000000, 0x00000007c0000000, 0x00000007c0000000)
  eden space 157696K, 100% used [0x00000007b4000000,0x00000007bda00000,0x00000007bda00000)
  from space 16384K, 99% used [0x00000007bf000000,0x00000007bfffa180,0x00000007c0000000)
  to   space 19456K, 0% used [0x00000007bda00000,0x00000007bda00000,0x00000007bed00000)
 ParOldGen       total 224768K, used 155947K [0x0000000790000000, 0x000000079db80000, 0x00000007b4000000)
  object space 224768K, 69% used [0x0000000790000000,0x000000079984ac20,0x000000079db80000)
 Metaspace       used 90686K, capacity 91346K, committed 92056K, reserved 1128448K
  class space    used 13229K, capacity 13410K, committed 13488K, reserved 1048576K
Event: 498319.324 GC heap after
Heap after GC invocations=636 (full 7):
 PSYoungGen      total 175616K, used 17546K [0x00000007b4000000, 0x00000007c0000000, 0x00000007c0000000)
  eden space 157696K, 0% used [0x00000007b4000000,0x00000007b4000000,0x00000007bda00000)
  from space 17920K, 97% used [0x00000007bda00000,0x00000007beb228f8,0x00000007beb80000)
  to   space 20992K, 0% used [0x00000007beb80000,0x00000007beb80000,0x00000007c0000000)
 ParOldGen       total 224768K, used 155955K [0x0000000790000000, 0x000000079db80000, 0x00000007b4000000)
  object space 224768K, 69% used [0x0000000790000000,0x000000079984cc20,0x000000079db80000)
 Metaspace       used 90686K, capacity 91346K, committed 92056K, reserved 1128448K
  class space    used 13229K, capacity 13410K, committed 13488K, reserved 1048576K
}
Event: 498452.227 GC heap before
{Heap before GC invocations=637 (full 7):
 PSYoungGen      total 175616K, used 175242K [0x00000007b4000000, 0x00000007c0000000, 0x00000007c0000000)
  eden space 157696K, 100% used [0x00000007b4000000,0x00000007bda00000,0x00000007bda00000)
  from space 17920K, 97% used [0x00000007bda00000,0x00000007beb228f8,0x00000007beb80000)
  to   space 20992K, 0% used [0x00000007beb80000,0x00000007beb80000,0x00000007c0000000)
 ParOldGen       total 224768K, used 155955K [0x0000000790000000, 0x000000079db80000, 0x00000007b4000000)
  object space 224768K, 69% used [0x0000000790000000,0x000000079984cc20,0x000000079db80000)
 Metaspace       used 93851K, capacity 94518K, committed 95128K, reserved 1130496K
  class space    used 13669K, capacity 13864K, committed 14000K, reserved 1048576K
Event: 498452.236 GC heap after
Heap after GC invocations=637 (full 7):
 PSYoungGen      total 167424K, used 20968K [0x00000007b4000000, 0x00000007c0000000, 0x00000007c0000000)
  eden space 146432K, 0% used [0x00000007b4000000,0x00000007b4000000,0x00000007bcf00000)
  from space 20992K, 99% used [0x00000007beb80000,0x00000007bfffa3f8,0x00000007c0000000)
  to   space 25088K, 0% used [0x00000007bcf00000,0x00000007bcf00000,0x00000007be780000)
 ParOldGen       total 224768K, used 156954K [0x0000000790000000, 0x000000079db80000, 0x00000007b4000000)
  object space 224768K, 69% used [0x0000000790000000,0x0000000799946b48,0x000000079db80000)
 Metaspace       used 93851K, capacity 94518K, committed 95128K, reserved 1130496K
  class space    used 13669K, capacity 13864K, committed 14000K, reserved 1048576K
}
Event: 498711.533 GC heap before
{Heap before GC invocations=638 (full 7):
 PSYoungGen      total 167424K, used 167400K [0x00000007b4000000, 0x00000007c0000000, 0x00000007c0000000)
  eden space 146432K, 100% used [0x00000007b4000000,0x00000007bcf00000,0x00000007bcf00000)
  from space 20992K, 99% used [0x00000007beb80000,0x00000007bfffa3f8,0x00000007c0000000)
  to   space 25088K, 0% used [0x00000007bcf00000,0x00000007bcf00000,0x00000007be780000)
 ParOldGen       total 224768K, used 156954K [0x0000000790000000, 0x000000079db80000, 0x00000007b4000000)
  object space 224768K, 69% used [0x0000000790000000,0x0000000799946b48,0x000000079db80000)
 Metaspace       used 94141K, capacity 94806K, committed 95384K, reserved 1130496K
  class space    used 13690K, capacity 13896K, committed 14000K, reserved 1048576K
Event: 498711.542 GC heap after
Heap after GC invocations=638 (full 7):
 PSYoungGen      total 166400K, used 19641K [0x00000007b4000000, 0x00000007c0000000, 0x00000007c0000000)
  eden space 146432K, 0% used [0x00000007b4000000,0x00000007b4000000,0x00000007bcf00000)
  from space 19968K, 98% used [0x00000007bcf00000,0x00000007be22e410,0x00000007be280000)
  to   space 27136K, 0% used [0x00000007be580000,0x00000007be580000,0x00000007c0000000)
 ParOldGen       total 224768K, used 157010K [0x0000000790000000, 0x000000079db80000, 0x00000007b4000000)
  object space 224768K, 69% used [0x0000000790000000,0x0000000799954b48,0x000000079db80000)
 Metaspace       used 94141K, capacity 94806K, committed 95384K, reserved 1130496K
  class space    used 13690K, capacity 13896K, committed 14000K, reserved 1048576K
}
Event: 499842.430 GC heap before
{Heap before GC invocations=639 (full 7):
 PSYoungGen      total 166400K, used 166073K [0x00000007b4000000, 0x00000007c0000000, 0x00000007c0000000)
  eden space 146432K, 100% used [0x00000007b4000000,0x00000007bcf00000,0x00000007bcf00000)
  from space 19968K, 98% used [0x00000007bcf00000,0x00000007be22e410,0x00000007be280000)
  to   space 27136K, 0% used [0x00000007be580000,0x00000007be580000,0x00000007c0000000)
 ParOldGen       total 224768K, used 157010K [0x0000000790000000, 0x000000079db80000, 0x00000007b4000000)
  object space 224768K, 69% used [0x0000000790000000,0x0000000799954b48,0x000000079db80000)
 Metaspace       used 94172K, capacity 94870K, committed 95384K, reserved 1130496K
  class space    used 13691K, capacity 13896K, committed 14000K, reserved 1048576K
Event: 499842.437 GC heap after
Heap after GC invocations=639 (full 7):
 PSYoungGen      total 166400K, used 18746K [0x00000007b4000000, 0x00000007c0000000, 0x00000007c0000000)
  eden space 139264K, 0% used [0x00000007b4000000,0x00000007b4000000,0x00000007bc800000)
  from space 27136K, 69% used [0x00000007be580000,0x00000007bf7ce848,0x00000007c0000000)
  to   space 28672K, 0% used [0x00000007bc800000,0x00000007bc800000,0x00000007be400000)
 ParOldGen       total 224768K, used 157010K [0x0000000790000000, 0x000000079db80000, 0x00000007b4000000)
  object space 224768K, 69% used [0x0000000790000000,0x0000000799954b48,0x000000079db80000)
 Metaspace       used 94172K, capacity 94870K, committed 95384K, reserved 1130496K
  class space    used 13691K, capacity 13896K, committed 14000K, reserved 1048576K
}

